Fri Dec 01 2017 21:11:21 GMT+0700 (SE Asia Standard Time): GET /
Fri Dec 01 2017 21:11:21 GMT+0700 (SE Asia Standard Time): GET /favicon.ico
Fri Dec 01 2017 21:22:50 GMT+0700 (SE Asia Standard Time): GET /
Fri Dec 01 2017 22:11:57 GMT+0700 (SE Asia Standard Time): GET /about
Fri Dec 01 2017 22:13:02 GMT+0700 (SE Asia Standard Time): GET /about
Fri Dec 01 2017 22:13:05 GMT+0700 (SE Asia Standard Time): GET /help.html
Fri Dec 01 2017 22:14:08 GMT+0700 (SE Asia Standard Time): GET /help.html
Fri Dec 01 2017 22:14:11 GMT+0700 (SE Asia Standard Time): GET /
Fri Dec 01 2017 22:14:14 GMT+0700 (SE Asia Standard Time): GET /about
Fri Dec 01 2017 22:14:14 GMT+0700 (SE Asia Standard Time): GET /
Fri Dec 01 2017 22:14:15 GMT+0700 (SE Asia Standard Time): GET /about
Fri Dec 01 2017 22:14:16 GMT+0700 (SE Asia Standard Time): GET /
Fri Dec 01 2017 23:51:15 GMT+0700 (SE Asia Standard Time): GET /
Fri Dec 01 2017 23:51:16 GMT+0700 (SE Asia Standard Time): GET /projects
Fri Dec 01 2017 23:51:19 GMT+0700 (SE Asia Standard Time): GET /about
Fri Dec 01 2017 23:51:19 GMT+0700 (SE Asia Standard Time): GET /projects
Fri Dec 01 2017 23:51:20 GMT+0700 (SE Asia Standard Time): GET /
Fri Dec 01 2017 23:51:20 GMT+0700 (SE Asia Standard Time): GET /about
Fri Dec 01 2017 23:51:21 GMT+0700 (SE Asia Standard Time): GET /projects
Fri Dec 01 2017 23:51:42 GMT+0700 (SE Asia Standard Time): GET /projects
Fri Dec 01 2017 23:51:43 GMT+0700 (SE Asia Standard Time): GET /about
Fri Dec 01 2017 23:51:44 GMT+0700 (SE Asia Standard Time): GET /
Fri Dec 01 2017 23:51:44 GMT+0700 (SE Asia Standard Time): GET /about
Fri Dec 01 2017 23:51:46 GMT+0700 (SE Asia Standard Time): GET /projects
Fri Dec 01 2017 23:51:46 GMT+0700 (SE Asia Standard Time): GET /about
Fri Dec 01 2017 23:51:47 GMT+0700 (SE Asia Standard Time): GET /
Fri Dec 01 2017 23:51:47 GMT+0700 (SE Asia Standard Time): GET /about
Fri Dec 01 2017 23:51:48 GMT+0700 (SE Asia Standard Time): GET /projects
